<?xml version="1.0" encoding="UTF-8"?>
<!-- Generated by org.testng.reporters.JUnitXMLReporter -->
<testsuite ignored="2" hostname="DESKTOP-3JRUFPN" failures="0" tests="1" name="Test(failed)" time="0.072" errors="0" timestamp="2025-07-14T13:33:03 IST">
  <testcase classname="com.actitime.testscript.CustomerModule" name="deleteCustomer" time="0.017"/>
  <testcase classname="com.actitime.testscript.CustomerModule" name="modifyCustomer" time="0.0">
    <ignored/>
  </testcase> <!-- modifyCustomer -->
  <testcase classname="com.actitime.testscript.CustomerModule" name="createCustomer" time="0.0">
    <ignored/>
  </testcase> <!-- createCustomer -->
</testsuite> <!-- Test(failed) -->
