<?xml version="1.0" encoding="UTF-8"?>
<!-- Generated by org.testng.reporters.JUnitXMLReporter -->
<testsuite ignored="0" hostname="DESKTOP-0JNAIIR" failures="0" tests="12" name="Test" time="0.203" errors="0" timestamp="2025-08-11T13:29:58 IST">
  <testcase classname="com.actitime.testscript.ProjectModule" name="createProject" time="0.018"/>
  <testcase classname="com.actitime.testscript.ProjectModule" name="deleteProject" time="0.006"/>
  <testcase classname="com.actitime.testscript.ProjectModule" name="modifyProject" time="0.004"/>
  <testcase classname="com.actitime.testscript.ReportsModule" name="createReport" time="0.012"/>
  <testcase classname="com.actitime.testscript.ReportsModule" name="deleteReport" time="0.004"/>
  <testcase classname="com.actitime.testscript.ReportsModule" name="modifyReport" time="0.007"/>
  <testcase classname="com.actitime.testscript.CustomerModule" name="createCustomer" time="0.003"/>
  <testcase classname="com.actitime.testscript.CustomerModule" name="deleteCustomer" time="0.005"/>
  <testcase classname="com.actitime.testscript.CustomerModule" name="modifyCustomer" time="0.003"/>
  <testcase classname="com.actitime.testscript.TaskModule" name="createTask" time="0.001"/>
  <testcase classname="com.actitime.testscript.TaskModule" name="deleteTask" time="0.003"/>
  <testcase classname="com.actitime.testscript.TaskModule" name="modifyTask" time="0.004"/>
</testsuite> <!-- Test -->
