<?xml version="1.0" encoding="UTF-8"?>
<!-- Generated by org.testng.reporters.JUnitXMLReporter -->
<testsuite ignored="2" hostname="DESKTOP-0JNAIIR" failures="0" tests="6" name="TestBlock2" time="15.801" errors="0" timestamp="2025-08-11T13:36:34 IST">
  <testcase classname="com.actitime.testscript.CustomerModule" name="createCustomer" time="0.004"/>
  <testcase classname="com.actitime.testscript.CustomerModule" name="deleteCustomer" time="0.003"/>
  <testcase classname="com.actitime.testscript.CustomerModule" name="modifyCustomer" time="0.003"/>
  <testcase classname="com.actitime.testscript.TaskModule" name="createTask" time="0.0">
    <skipped/>
  </testcase> <!-- createTask -->
  <testcase classname="com.actitime.testscript.TaskModule" name="deleteTask" time="0.001">
    <skipped/>
  </testcase> <!-- deleteTask -->
  <testcase classname="com.actitime.testscript.TaskModule" name="modifyTask" time="0.0">
    <skipped/>
  </testcase> <!-- modifyTask -->
  <testcase classname="com.actitime.generic.BaseClass" name="@BeforeTest openBrowser" time="0.0">
    <ignored/>
  </testcase> <!-- @BeforeTest openBrowser -->
  <testcase classname="com.actitime.generic.BaseClass" name="@AfterTest closeBrowser" time="0.0">
    <ignored/>
  </testcase> <!-- @AfterTest closeBrowser -->
</testsuite> <!-- TestBlock2 -->
